[debug] [2021-01-20T13:51:21.368Z] ----------------------------------------------------------------------
[debug] [2021-01-20T13:51:21.370Z] Command:       C:\Program Files\nodejs\node.exe C:\Users\prabh\AppData\Roaming\npm\node_modules\firebase-tools\lib\bin\firebase.js emulators:start
[debug] [2021-01-20T13:51:21.370Z] CLI Version:   9.2.0
[debug] [2021-01-20T13:51:21.370Z] Platform:      win32
[debug] [2021-01-20T13:51:21.370Z] Node Version:  v12.19.0
[debug] [2021-01-20T13:51:21.371Z] Time:          Wed Jan 20 2021 19:21:21 GMT+0530 (India Standard Time)
[debug] [2021-01-20T13:51:21.371Z] ----------------------------------------------------------------------
[debug] [2021-01-20T13:51:21.371Z] 
[debug] [2021-01-20T13:51:21.374Z] >>> [apiv2][query] GET https://firebase-public.firebaseio.com/cli.json [none]
[debug] [2021-01-20T13:51:21.392Z] > command requires scopes: ["email","openid","https://www.googleapis.com/auth/cloudplatformprojects.readonly","https://www.googleapis.com/auth/firebase","https://www.googleapis.com/auth/cloud-platform"]
[debug] [2021-01-20T13:51:21.392Z] > authorizing via signed-in user
[info] i  emulators: Starting emulators: functions, hosting {"metadata":{"emulator":{"name":"hub"},"message":"Starting emulators: functions, hosting"}}
[debug] [2021-01-20T13:51:21.406Z] [hub] writing locator at C:\Users\prabh\AppData\Local\Temp\hub-challenge-5eedc.json
[warn] !  functions: The following emulators are not running, calls to these services from the Functions emulator will affect production: auth, firestore, database, pubsub {"metadata":{"emulator":{"name":"functions"},"message":"The following emulators are not running, calls to these services from the Functions emulator will affect production: \u001b[1mauth, firestore, database, pubsub\u001b[22m"}}
[info] +  functions: Using node@12 from host. {"metadata":{"emulator":{"name":"functions"},"message":"Using node@12 from host."}}
[debug] [2021-01-20T13:51:21.468Z] defaultcredentials: writing to file C:\Users\prabh\AppData\Roaming\firebase\prabhjotsingh394_gmail_com_application_default_credentials.json
[debug] [2021-01-20T13:51:21.469Z] Setting GAC to C:\Users\prabh\AppData\Roaming\firebase\prabhjotsingh394_gmail_com_application_default_credentials.json {"metadata":{"emulator":{"name":"functions"},"message":"Setting GAC to C:\\Users\\prabh\\AppData\\Roaming\\firebase\\prabhjotsingh394_gmail_com_application_default_credentials.json"}}
[debug] [2021-01-20T13:51:21.470Z] > refreshing access token with scopes: []
[debug] [2021-01-20T13:51:21.471Z] >>> HTTP REQUEST POST https://www.googleapis.com/oauth2/v3/token  
 <request body omitted>
[debug] [2021-01-20T13:51:25.983Z] <<< [apiv2][status] GET https://firebase-public.firebaseio.com/cli.json 200
[debug] [2021-01-20T13:51:25.983Z] <<< [apiv2][body] GET https://firebase-public.firebaseio.com/cli.json {"cloudBuildErrorAfter":1594252800000,"cloudBuildWarnAfter":1590019200000,"defaultNode10After":1594252800000,"minVersion":"3.0.5","node8DeploysDisabledAfter":1613390400000,"node8RuntimeDisabledAfter":1615809600000,"node8WarnAfter":1600128000000}
[debug] [2021-01-20T13:51:27.195Z] <<< HTTP RESPONSE 200 {"pragma":"no-cache","cache-control":"no-cache, no-store, max-age=0, must-revalidate","date":"Wed, 20 Jan 2021 13:51:27 GMT","expires":"Mon, 01 Jan 1990 00:00:00 GMT","content-type":"application/json; charset=utf-8","vary":"X-Origin, Referer, Origin,Accept-Encoding","server":"scaffolding on HTTPServer2","x-xss-protection":"0","x-frame-options":"SAMEORIGIN","x-content-type-options":"nosniff","alt-svc":"h3-29=\":443\"; ma=2592000,h3-T051=\":443\"; ma=2592000,h3-Q050=\":443\"; ma=2592000,h3-Q046=\":443\"; ma=2592000,h3-Q043=\":443\"; ma=2592000,quic=\":443\"; ma=2592000; v=\"46,43\"","accept-ranges":"none","transfer-encoding":"chunked"}
[debug] [2021-01-20T13:51:27.206Z] >>> [apiv2][query] GET https://firebase.googleapis.com/v1beta1/projects/challenge-5eedc/adminSdkConfig [none]
[debug] [2021-01-20T13:51:33.222Z] <<< [apiv2][status] GET https://firebase.googleapis.com/v1beta1/projects/challenge-5eedc/adminSdkConfig 200
[debug] [2021-01-20T13:51:33.223Z] <<< [apiv2][body] GET https://firebase.googleapis.com/v1beta1/projects/challenge-5eedc/adminSdkConfig {"projectId":"challenge-5eedc","storageBucket":"challenge-5eedc.appspot.com","locationId":"us-central"}
[debug] [2021-01-20T13:51:33.230Z] >>> [apiv2][query] GET https://firebase.googleapis.com/v1beta1/projects/challenge-5eedc/webApps/-/config [none]
[debug] [2021-01-20T13:51:39.972Z] <<< [apiv2][status] GET https://firebase.googleapis.com/v1beta1/projects/challenge-5eedc/webApps/-/config 200
[debug] [2021-01-20T13:51:39.972Z] <<< [apiv2][body] GET https://firebase.googleapis.com/v1beta1/projects/challenge-5eedc/webApps/-/config {"projectId":"challenge-5eedc","appId":"1:188575568196:web:80d2a0adfa7ecf288ac711","storageBucket":"challenge-5eedc.appspot.com","locationId":"us-central","apiKey":"AIzaSyCKOVwl7DzEFD1FSpGQb3YtaFRt9wjB2xQ","authDomain":"challenge-5eedc.firebaseapp.com","messagingSenderId":"188575568196","measurementId":"G-9H1173DDDR"}
[info] i  hosting: Serving hosting files from: build {"metadata":{"emulator":{"name":"hosting"},"message":"Serving hosting files from: \u001b[1mbuild\u001b[22m"}}
[info] +  hosting: Local server: http://localhost:5000 {"metadata":{"emulator":{"name":"hosting"},"message":"Local server: \u001b[4m\u001b[1mhttp://localhost:5000\u001b[22m\u001b[24m"}}
[debug] [2021-01-20T13:51:40.002Z] Ignoring unsupported arg: auto_download {"metadata":{"emulator":{"name":"ui"},"message":"Ignoring unsupported arg: auto_download"}}
[debug] [2021-01-20T13:51:40.003Z] Ignoring unsupported arg: port {"metadata":{"emulator":{"name":"ui"},"message":"Ignoring unsupported arg: port"}}
[debug] [2021-01-20T13:51:40.003Z] Starting Emulator UI with command {"binary":"node","args":["C:\\Users\\prabh\\.cache\\firebase\\emulators\\ui-v1.4.1\\server.bundle.js"],"optionalArgs":[],"joinArgs":false} {"metadata":{"emulator":{"name":"ui"},"message":"Starting Emulator UI with command {\"binary\":\"node\",\"args\":[\"C:\\\\Users\\\\prabh\\\\.cache\\\\firebase\\\\emulators\\\\ui-v1.4.1\\\\server.bundle.js\"],\"optionalArgs\":[],\"joinArgs\":false}"}}
[info] i  ui: Emulator UI logging to ui-debug.log {"metadata":{"emulator":{"name":"ui"},"message":"Emulator UI logging to \u001b[1mui-debug.log\u001b[22m"}}
[debug] [2021-01-20T13:51:40.128Z] Web / API server started at http://localhost:4000
 {"metadata":{"emulator":{"name":"ui"},"message":"Web / API server started at http://localhost:4000\n"}}
[info] i  functions: Watching "D:\Demo Projects\React\Amazon clone\amazon-clone\functions" for Cloud Functions... {"metadata":{"emulator":{"name":"functions"},"message":"Watching \"D:\\Demo Projects\\React\\Amazon clone\\amazon-clone\\functions\" for Cloud Functions..."}}
[debug] [2021-01-20T13:51:40.279Z] [worker-pool] addWorker(~diagnostic~) {"metadata":{"emulator":{"name":"functions"},"message":"[worker-pool] addWorker(~diagnostic~)"}}
[debug] [2021-01-20T13:51:40.279Z] [worker-pool] Adding worker with key ~diagnostic~, total=1 {"metadata":{"emulator":{"name":"functions"},"message":"[worker-pool] Adding worker with key ~diagnostic~, total=1"}}
[debug] [2021-01-20T13:51:40.279Z] [worker-pool] submitWork(triggerId=) {"metadata":{"emulator":{"name":"functions"},"message":"[worker-pool] submitWork(triggerId=)"}}
[debug] [2021-01-20T13:51:40.279Z] [worker-~diagnostic~-6a06f56d-36c2-4264-9cc4-f0f6968541e4]: Assigning socketPath: \\?\pipe\D:\Demo Projects\React\Amazon clone\amazon-clone\functions\21772 {"metadata":{"emulator":{"name":"functions"},"message":"[worker-~diagnostic~-6a06f56d-36c2-4264-9cc4-f0f6968541e4]: Assigning socketPath: \\\\?\\pipe\\D:\\Demo Projects\\React\\Amazon clone\\amazon-clone\\functions\\21772"}}
[debug] [2021-01-20T13:51:40.279Z] [worker-~diagnostic~-6a06f56d-36c2-4264-9cc4-f0f6968541e4]: BUSY {"metadata":{"emulator":{"name":"functions"},"message":"[worker-~diagnostic~-6a06f56d-36c2-4264-9cc4-f0f6968541e4]: BUSY"}}
[debug] [2021-01-20T13:51:40.433Z] [runtime-status] [21772] Functions runtime initialized. {"cwd":"D:\\Demo Projects\\React\\Amazon clone\\amazon-clone\\functions","node_version":"12.19.0"} {"metadata":{"emulator":{"name":"functions"},"message":"[runtime-status] [21772] Functions runtime initialized. {\"cwd\":\"D:\\\\Demo Projects\\\\React\\\\Amazon clone\\\\amazon-clone\\\\functions\",\"node_version\":\"12.19.0\"}"}}
[debug] [2021-01-20T13:51:40.433Z] [runtime-status] [21772] Disabled runtime features: undefined {"metadata":{"emulator":{"name":"functions"},"message":"[runtime-status] [21772] Disabled runtime features: undefined"}}
[debug] [2021-01-20T13:51:40.526Z] [runtime-status] [21772] Resolved module firebase-admin {"declared":true,"installed":true,"version":"9.4.2","resolution":"D:\\Demo Projects\\React\\Amazon clone\\amazon-clone\\functions\\node_modules\\firebase-admin\\lib\\index.js"} {"metadata":{"emulator":{"name":"functions"},"message":"[runtime-status] [21772] Resolved module firebase-admin {\"declared\":true,\"installed\":true,\"version\":\"9.4.2\",\"resolution\":\"D:\\\\Demo Projects\\\\React\\\\Amazon clone\\\\amazon-clone\\\\functions\\\\node_modules\\\\firebase-admin\\\\lib\\\\index.js\"}"}}
[debug] [2021-01-20T13:51:40.532Z] [runtime-status] [21772] Resolved module firebase-functions {"declared":true,"installed":true,"version":"3.13.1","resolution":"D:\\Demo Projects\\React\\Amazon clone\\amazon-clone\\functions\\node_modules\\firebase-functions\\lib\\index.js"} {"metadata":{"emulator":{"name":"functions"},"message":"[runtime-status] [21772] Resolved module firebase-functions {\"declared\":true,\"installed\":true,\"version\":\"3.13.1\",\"resolution\":\"D:\\\\Demo Projects\\\\React\\\\Amazon clone\\\\amazon-clone\\\\functions\\\\node_modules\\\\firebase-functions\\\\lib\\\\index.js\"}"}}
[debug] [2021-01-20T13:51:40.533Z] [runtime-status] [21772] Resolved module firebase-functions {"declared":true,"installed":true,"version":"3.13.1","resolution":"D:\\Demo Projects\\React\\Amazon clone\\amazon-clone\\functions\\node_modules\\firebase-functions\\lib\\index.js"} {"metadata":{"emulator":{"name":"functions"},"message":"[runtime-status] [21772] Resolved module firebase-functions {\"declared\":true,\"installed\":true,\"version\":\"3.13.1\",\"resolution\":\"D:\\\\Demo Projects\\\\React\\\\Amazon clone\\\\amazon-clone\\\\functions\\\\node_modules\\\\firebase-functions\\\\lib\\\\index.js\"}"}}
[debug] [2021-01-20T13:51:40.536Z] [runtime-status] [21772] Outgoing network have been stubbed. [{"name":"http","status":"mocked"},{"name":"http","status":"mocked"},{"name":"https","status":"mocked"},{"name":"https","status":"mocked"},{"name":"net","status":"mocked"}] {"metadata":{"emulator":{"name":"functions"},"message":"[runtime-status] [21772] Outgoing network have been stubbed. [{\"name\":\"http\",\"status\":\"mocked\"},{\"name\":\"http\",\"status\":\"mocked\"},{\"name\":\"https\",\"status\":\"mocked\"},{\"name\":\"https\",\"status\":\"mocked\"},{\"name\":\"net\",\"status\":\"mocked\"}]"}}
[debug] [2021-01-20T13:51:40.536Z] [runtime-status] [21772] Resolved module firebase-functions {"declared":true,"installed":true,"version":"3.13.1","resolution":"D:\\Demo Projects\\React\\Amazon clone\\amazon-clone\\functions\\node_modules\\firebase-functions\\lib\\index.js"} {"metadata":{"emulator":{"name":"functions"},"message":"[runtime-status] [21772] Resolved module firebase-functions {\"declared\":true,\"installed\":true,\"version\":\"3.13.1\",\"resolution\":\"D:\\\\Demo Projects\\\\React\\\\Amazon clone\\\\amazon-clone\\\\functions\\\\node_modules\\\\firebase-functions\\\\lib\\\\index.js\"}"}}
[debug] [2021-01-20T13:51:42.084Z] [runtime-status] [21772] Checked functions.config() {"config":{}} {"metadata":{"emulator":{"name":"functions"},"message":"[runtime-status] [21772] Checked functions.config() {\"config\":{}}"}}
[debug] [2021-01-20T13:51:42.085Z] [runtime-status] [21772] firebase-functions has been stubbed. {"functionsResolution":{"declared":true,"installed":true,"version":"3.13.1","resolution":"D:\\Demo Projects\\React\\Amazon clone\\amazon-clone\\functions\\node_modules\\firebase-functions\\lib\\index.js"}} {"metadata":{"emulator":{"name":"functions"},"message":"[runtime-status] [21772] firebase-functions has been stubbed. {\"functionsResolution\":{\"declared\":true,\"installed\":true,\"version\":\"3.13.1\",\"resolution\":\"D:\\\\Demo Projects\\\\React\\\\Amazon clone\\\\amazon-clone\\\\functions\\\\node_modules\\\\firebase-functions\\\\lib\\\\index.js\"}}"}}
[debug] [2021-01-20T13:51:42.085Z] [runtime-status] [21772] Resolved module firebase-functions {"declared":true,"installed":true,"version":"3.13.1","resolution":"D:\\Demo Projects\\React\\Amazon clone\\amazon-clone\\functions\\node_modules\\firebase-functions\\lib\\index.js"} {"metadata":{"emulator":{"name":"functions"},"message":"[runtime-status] [21772] Resolved module firebase-functions {\"declared\":true,\"installed\":true,\"version\":\"3.13.1\",\"resolution\":\"D:\\\\Demo Projects\\\\React\\\\Amazon clone\\\\amazon-clone\\\\functions\\\\node_modules\\\\firebase-functions\\\\lib\\\\index.js\"}"}}
[debug] [2021-01-20T13:51:42.086Z] [runtime-status] [21772] Resolved module firebase-admin {"declared":true,"installed":true,"version":"9.4.2","resolution":"D:\\Demo Projects\\React\\Amazon clone\\amazon-clone\\functions\\node_modules\\firebase-admin\\lib\\index.js"} {"metadata":{"emulator":{"name":"functions"},"message":"[runtime-status] [21772] Resolved module firebase-admin {\"declared\":true,\"installed\":true,\"version\":\"9.4.2\",\"resolution\":\"D:\\\\Demo Projects\\\\React\\\\Amazon clone\\\\amazon-clone\\\\functions\\\\node_modules\\\\firebase-admin\\\\lib\\\\index.js\"}"}}
[debug] [2021-01-20T13:51:42.087Z] [runtime-status] [21772] Resolved module firebase-functions {"declared":true,"installed":true,"version":"3.13.1","resolution":"D:\\Demo Projects\\React\\Amazon clone\\amazon-clone\\functions\\node_modules\\firebase-functions\\lib\\index.js"} {"metadata":{"emulator":{"name":"functions"},"message":"[runtime-status] [21772] Resolved module firebase-functions {\"declared\":true,\"installed\":true,\"version\":\"3.13.1\",\"resolution\":\"D:\\\\Demo Projects\\\\React\\\\Amazon clone\\\\amazon-clone\\\\functions\\\\node_modules\\\\firebase-functions\\\\lib\\\\index.js\"}"}}
[debug] [2021-01-20T13:51:42.087Z] [runtime-status] [21772] firebase-admin has been stubbed. {"adminResolution":{"declared":true,"installed":true,"version":"9.4.2","resolution":"D:\\Demo Projects\\React\\Amazon clone\\amazon-clone\\functions\\node_modules\\firebase-admin\\lib\\index.js"}} {"metadata":{"emulator":{"name":"functions"},"message":"[runtime-status] [21772] firebase-admin has been stubbed. {\"adminResolution\":{\"declared\":true,\"installed\":true,\"version\":\"9.4.2\",\"resolution\":\"D:\\\\Demo Projects\\\\React\\\\Amazon clone\\\\amazon-clone\\\\functions\\\\node_modules\\\\firebase-admin\\\\lib\\\\index.js\"}}"}}
[info] +  functions[api]: http function initialized (http://localhost:5001/challenge-5eedc/us-central1/api). {"metadata":{"emulator":{"name":"functions"},"message":"\u001b[1mhttp\u001b[22m function initialized (http://localhost:5001/challenge-5eedc/us-central1/api)."}}
[info] 
┌─────────────────────────────────────────────────────────────┐
│ ✔  All emulators ready! It is now safe to connect your app. │
│ i  View Emulator UI at http://localhost:4000                │
└─────────────────────────────────────────────────────────────┘

┌───────────┬────────────────┬─────────────────────────────────┐
│ Emulator  │ Host:Port      │ View in Emulator UI             │
├───────────┼────────────────┼─────────────────────────────────┤
│ Functions │ localhost:5001 │ http://localhost:4000/functions │
├───────────┼────────────────┼─────────────────────────────────┤
│ Hosting   │ localhost:5000 │ n/a                             │
└───────────┴────────────────┴─────────────────────────────────┘
  Emulator Hub running at localhost:4400
  Other reserved ports: 4500

Issues? Report them at https://github.com/firebase/firebase-tools/issues and attach the *-debug.log files.
 
[debug] [2021-01-20T13:51:45.759Z] [worker-~diagnostic~-6a06f56d-36c2-4264-9cc4-f0f6968541e4]: IDLE {"metadata":{"emulator":{"name":"functions"},"message":"[worker-~diagnostic~-6a06f56d-36c2-4264-9cc4-f0f6968541e4]: IDLE"}}
[debug] [2021-01-20T14:01:32.845Z] [work-queue] {"queueLength":1,"workRunningCount":0}
[debug] [2021-01-20T14:01:32.845Z] [work-queue] {"queueLength":0,"workRunningCount":1}
[debug] [2021-01-20T14:01:32.845Z] Accepted request POST /challenge-5eedc/us-central1/api/payments/create?total=59899 --> api
[debug] [2021-01-20T14:01:32.850Z] [worker-pool] addWorker(api) {"metadata":{"emulator":{"name":"functions"},"message":"[worker-pool] addWorker(api)"}}
[debug] [2021-01-20T14:01:32.850Z] [worker-pool] Adding worker with key api, total=1 {"metadata":{"emulator":{"name":"functions"},"message":"[worker-pool] Adding worker with key api, total=1"}}
[debug] [2021-01-20T14:01:32.850Z] [worker-pool] submitWork(triggerId=api) {"metadata":{"emulator":{"name":"functions"},"message":"[worker-pool] submitWork(triggerId=api)"}}
[debug] [2021-01-20T14:01:32.850Z] [worker-api-be4d7b52-5443-45f5-9ba9-11021efd9c2a]: Assigning socketPath: \\?\pipe\D:\Demo Projects\React\Amazon clone\amazon-clone\functions\19504 {"metadata":{"emulator":{"name":"functions"},"message":"[worker-api-be4d7b52-5443-45f5-9ba9-11021efd9c2a]: Assigning socketPath: \\\\?\\pipe\\D:\\Demo Projects\\React\\Amazon clone\\amazon-clone\\functions\\19504"}}
[debug] [2021-01-20T14:01:32.850Z] [worker-api-be4d7b52-5443-45f5-9ba9-11021efd9c2a]: BUSY {"metadata":{"emulator":{"name":"functions"},"message":"[worker-api-be4d7b52-5443-45f5-9ba9-11021efd9c2a]: BUSY"}}
[debug] [2021-01-20T14:01:33.009Z] [runtime-status] [19504] Functions runtime initialized. {"cwd":"D:\\Demo Projects\\React\\Amazon clone\\amazon-clone\\functions","node_version":"12.19.0"} {"metadata":{"emulator":{"name":"functions"},"function":{"name":"api"},"message":"[runtime-status] [19504] Functions runtime initialized. {\"cwd\":\"D:\\\\Demo Projects\\\\React\\\\Amazon clone\\\\amazon-clone\\\\functions\",\"node_version\":\"12.19.0\"}"}}
[debug] [2021-01-20T14:01:33.010Z] [runtime-status] [19504] Disabled runtime features: undefined {"metadata":{"emulator":{"name":"functions"},"function":{"name":"api"},"message":"[runtime-status] [19504] Disabled runtime features: undefined"}}
[debug] [2021-01-20T14:01:33.013Z] [runtime-status] [19504] Resolved module firebase-admin {"declared":true,"installed":true,"version":"9.4.2","resolution":"D:\\Demo Projects\\React\\Amazon clone\\amazon-clone\\functions\\node_modules\\firebase-admin\\lib\\index.js"} {"metadata":{"emulator":{"name":"functions"},"function":{"name":"api"},"message":"[runtime-status] [19504] Resolved module firebase-admin {\"declared\":true,\"installed\":true,\"version\":\"9.4.2\",\"resolution\":\"D:\\\\Demo Projects\\\\React\\\\Amazon clone\\\\amazon-clone\\\\functions\\\\node_modules\\\\firebase-admin\\\\lib\\\\index.js\"}"}}
[debug] [2021-01-20T14:01:33.015Z] [runtime-status] [19504] Resolved module firebase-functions {"declared":true,"installed":true,"version":"3.13.1","resolution":"D:\\Demo Projects\\React\\Amazon clone\\amazon-clone\\functions\\node_modules\\firebase-functions\\lib\\index.js"} {"metadata":{"emulator":{"name":"functions"},"function":{"name":"api"},"message":"[runtime-status] [19504] Resolved module firebase-functions {\"declared\":true,\"installed\":true,\"version\":\"3.13.1\",\"resolution\":\"D:\\\\Demo Projects\\\\React\\\\Amazon clone\\\\amazon-clone\\\\functions\\\\node_modules\\\\firebase-functions\\\\lib\\\\index.js\"}"}}
[debug] [2021-01-20T14:01:33.016Z] [runtime-status] [19504] Resolved module firebase-functions {"declared":true,"installed":true,"version":"3.13.1","resolution":"D:\\Demo Projects\\React\\Amazon clone\\amazon-clone\\functions\\node_modules\\firebase-functions\\lib\\index.js"} {"metadata":{"emulator":{"name":"functions"},"function":{"name":"api"},"message":"[runtime-status] [19504] Resolved module firebase-functions {\"declared\":true,\"installed\":true,\"version\":\"3.13.1\",\"resolution\":\"D:\\\\Demo Projects\\\\React\\\\Amazon clone\\\\amazon-clone\\\\functions\\\\node_modules\\\\firebase-functions\\\\lib\\\\index.js\"}"}}
[debug] [2021-01-20T14:01:33.017Z] [runtime-status] [19504] Outgoing network have been stubbed. [{"name":"http","status":"mocked"},{"name":"http","status":"mocked"},{"name":"https","status":"mocked"},{"name":"https","status":"mocked"},{"name":"net","status":"mocked"}] {"metadata":{"emulator":{"name":"functions"},"function":{"name":"api"},"message":"[runtime-status] [19504] Outgoing network have been stubbed. [{\"name\":\"http\",\"status\":\"mocked\"},{\"name\":\"http\",\"status\":\"mocked\"},{\"name\":\"https\",\"status\":\"mocked\"},{\"name\":\"https\",\"status\":\"mocked\"},{\"name\":\"net\",\"status\":\"mocked\"}]"}}
[debug] [2021-01-20T14:01:33.018Z] [runtime-status] [19504] Resolved module firebase-functions {"declared":true,"installed":true,"version":"3.13.1","resolution":"D:\\Demo Projects\\React\\Amazon clone\\amazon-clone\\functions\\node_modules\\firebase-functions\\lib\\index.js"} {"metadata":{"emulator":{"name":"functions"},"function":{"name":"api"},"message":"[runtime-status] [19504] Resolved module firebase-functions {\"declared\":true,\"installed\":true,\"version\":\"3.13.1\",\"resolution\":\"D:\\\\Demo Projects\\\\React\\\\Amazon clone\\\\amazon-clone\\\\functions\\\\node_modules\\\\firebase-functions\\\\lib\\\\index.js\"}"}}
[debug] [2021-01-20T14:01:33.067Z] [runtime-status] [19504] Checked functions.config() {"config":{}} {"metadata":{"emulator":{"name":"functions"},"function":{"name":"api"},"message":"[runtime-status] [19504] Checked functions.config() {\"config\":{}}"}}
[debug] [2021-01-20T14:01:33.067Z] [runtime-status] [19504] firebase-functions has been stubbed. {"functionsResolution":{"declared":true,"installed":true,"version":"3.13.1","resolution":"D:\\Demo Projects\\React\\Amazon clone\\amazon-clone\\functions\\node_modules\\firebase-functions\\lib\\index.js"}} {"metadata":{"emulator":{"name":"functions"},"function":{"name":"api"},"message":"[runtime-status] [19504] firebase-functions has been stubbed. {\"functionsResolution\":{\"declared\":true,\"installed\":true,\"version\":\"3.13.1\",\"resolution\":\"D:\\\\Demo Projects\\\\React\\\\Amazon clone\\\\amazon-clone\\\\functions\\\\node_modules\\\\firebase-functions\\\\lib\\\\index.js\"}}"}}
[debug] [2021-01-20T14:01:33.067Z] [runtime-status] [19504] Resolved module firebase-functions {"declared":true,"installed":true,"version":"3.13.1","resolution":"D:\\Demo Projects\\React\\Amazon clone\\amazon-clone\\functions\\node_modules\\firebase-functions\\lib\\index.js"} {"metadata":{"emulator":{"name":"functions"},"function":{"name":"api"},"message":"[runtime-status] [19504] Resolved module firebase-functions {\"declared\":true,\"installed\":true,\"version\":\"3.13.1\",\"resolution\":\"D:\\\\Demo Projects\\\\React\\\\Amazon clone\\\\amazon-clone\\\\functions\\\\node_modules\\\\firebase-functions\\\\lib\\\\index.js\"}"}}
[debug] [2021-01-20T14:01:33.069Z] [runtime-status] [19504] Resolved module firebase-admin {"declared":true,"installed":true,"version":"9.4.2","resolution":"D:\\Demo Projects\\React\\Amazon clone\\amazon-clone\\functions\\node_modules\\firebase-admin\\lib\\index.js"} {"metadata":{"emulator":{"name":"functions"},"function":{"name":"api"},"message":"[runtime-status] [19504] Resolved module firebase-admin {\"declared\":true,\"installed\":true,\"version\":\"9.4.2\",\"resolution\":\"D:\\\\Demo Projects\\\\React\\\\Amazon clone\\\\amazon-clone\\\\functions\\\\node_modules\\\\firebase-admin\\\\lib\\\\index.js\"}"}}
[debug] [2021-01-20T14:01:33.069Z] [runtime-status] [19504] Resolved module firebase-functions {"declared":true,"installed":true,"version":"3.13.1","resolution":"D:\\Demo Projects\\React\\Amazon clone\\amazon-clone\\functions\\node_modules\\firebase-functions\\lib\\index.js"} {"metadata":{"emulator":{"name":"functions"},"function":{"name":"api"},"message":"[runtime-status] [19504] Resolved module firebase-functions {\"declared\":true,\"installed\":true,\"version\":\"3.13.1\",\"resolution\":\"D:\\\\Demo Projects\\\\React\\\\Amazon clone\\\\amazon-clone\\\\functions\\\\node_modules\\\\firebase-functions\\\\lib\\\\index.js\"}"}}
[debug] [2021-01-20T14:01:33.069Z] [runtime-status] [19504] firebase-admin has been stubbed. {"adminResolution":{"declared":true,"installed":true,"version":"9.4.2","resolution":"D:\\Demo Projects\\React\\Amazon clone\\amazon-clone\\functions\\node_modules\\firebase-admin\\lib\\index.js"}} {"metadata":{"emulator":{"name":"functions"},"function":{"name":"api"},"message":"[runtime-status] [19504] firebase-admin has been stubbed. {\"adminResolution\":{\"declared\":true,\"installed\":true,\"version\":\"9.4.2\",\"resolution\":\"D:\\\\Demo Projects\\\\React\\\\Amazon clone\\\\amazon-clone\\\\functions\\\\node_modules\\\\firebase-admin\\\\lib\\\\index.js\"}}"}}
[debug] [2021-01-20T14:01:33.258Z] [runtime-status] [19504] Trigger "api" has been found, beginning invocation! {"metadata":{"emulator":{"name":"functions"},"function":{"name":"api"},"message":"[runtime-status] [19504] Trigger \"api\" has been found, beginning invocation!"}}
[info] i  functions: Beginning execution of "api" {"metadata":{"emulator":{"name":"functions"},"function":{"name":"api"},"message":"Beginning execution of \"api\""}}
[debug] [2021-01-20T14:01:33.259Z] [runtime-status] [19504] triggerDefinition {"httpsTrigger":{},"name":"api","entryPoint":"api"} {"metadata":{"emulator":{"name":"functions"},"function":{"name":"api"},"message":"[runtime-status] [19504] triggerDefinition {\"httpsTrigger\":{},\"name\":\"api\",\"entryPoint\":\"api\"}"}}
[debug] [2021-01-20T14:01:33.259Z] [runtime-status] [19504] Running api in mode HTTPS {"metadata":{"emulator":{"name":"functions"},"function":{"name":"api"},"message":"[runtime-status] [19504] Running api in mode HTTPS"}}
[debug] [2021-01-20T14:01:33.261Z] [runtime-status] [19504] Attempting to listen to socketPath: \\?\pipe\D:\Demo Projects\React\Amazon clone\amazon-clone\functions\19504 {"metadata":{"emulator":{"name":"functions"},"function":{"name":"api"},"message":"[runtime-status] [19504] Attempting to listen to socketPath: \\\\?\\pipe\\D:\\Demo Projects\\React\\Amazon clone\\amazon-clone\\functions\\19504"}}
[debug] [2021-01-20T14:01:33.264Z] [functions] Runtime ready! Sending request! {"metadata":{"emulator":{"name":"functions"},"message":"[functions] Runtime ready! Sending request!"}}
[debug] [2021-01-20T14:01:33.264Z] [functions] Got req.url=/challenge-5eedc/us-central1/api/payments/create?total=59899, mapping to path=/payments/create?total=59899 {"metadata":{"emulator":{"name":"functions"},"message":"[functions] Got req.url=/challenge-5eedc/us-central1/api/payments/create?total=59899, mapping to path=/payments/create?total=59899"}}
[debug] [2021-01-20T14:01:33.269Z] [runtime-status] [19504] Ephemeral server handling POST request {"metadata":{"emulator":{"name":"functions"},"function":{"name":"api"},"message":"[runtime-status] [19504] Ephemeral server handling POST request"}}
[info] >  Payment Request received ---> 59899 {"user":"Payment Request received ---> 59899","metadata":{"emulator":{"name":"functions"},"function":{"name":"api"},"message":"\u001b[90m> \u001b[39m Payment Request received ---> 59899"}}
[debug] [2021-01-20T14:01:33.279Z] [runtime-status] [19504] Ephemeral server survived. {"metadata":{"emulator":{"name":"functions"},"function":{"name":"api"},"message":"[runtime-status] [19504] Ephemeral server survived."}}
[info] i  functions: Finished "api" in ~1s {"metadata":{"emulator":{"name":"functions"},"function":{"name":"api"},"message":"Finished \"api\" in ~1s"}}
[debug] [2021-01-20T14:01:34.599Z] [worker-api-be4d7b52-5443-45f5-9ba9-11021efd9c2a]: IDLE {"metadata":{"emulator":{"name":"functions"},"message":"[worker-api-be4d7b52-5443-45f5-9ba9-11021efd9c2a]: IDLE"}}
[debug] [2021-01-20T14:01:34.599Z] [work-queue] {"queueLength":0,"workRunningCount":0}
